<?xml version="1.0" encoding="UTF-8"?>
<testsuite xmlns:xsi="http://www.w3.org/2001/XMLSchema-instance" xsi:noNamespaceSchemaLocation="https://maven.apache.org/surefire/maven-surefire-plugin/xsd/surefire-test-report-3.0.xsd" version="3.0" name="org.example.runner.TestRunner" time="29.777" tests="4" errors="0" skipped="0" failures="0">
  <properties>
[...]
</properties>
  <testcase name="User navigates to Careers page from Labcorp home page" classname="Labcorp Careers Page Navigation" time="7.635">
    <system-out><![CDATA[
@Ui
Scenario: User navigates to Careers page from Labcorp home page # src/test/java/org/example/features/1Home.feature:4
21:24:10.763 [main] INFO  Home_Page - Load Web Page.http://www.labcorp.com
  Given the user opens a browser and goes to Labcorp home page. # org.example.stepdefs.HomeStepDef.the_user_opens_a_browser_and_goes_to_labcorp_home_page()
21:24:14.582 [main] INFO  HomePage - Clicking on Top Careers Link
  When the user finds and clicks the "Careers" link             # org.example.stepdefs.HomeStepDef.the_user_finds_and_clicks_the_link(java.lang.String)
21:24:16.624 [main] INFO  HomePage - Current page Title: Careers at Labcorp | Embrace Possibilities, Change Lives
  Then the user should be navigated to the Careers page         # org.example.stepdefs.HomeStepDef.the_user_should_be_navigated_to_the_careers_page()
]]></system-out>
    <system-err><![CDATA[Nov 18, 2024 9:24:10 PM org.openqa.selenium.devtools.CdpVersionFinder findNearestMatch
WARNING: Unable to find an exact match for CDP version 131, returning the closest version; found: 127; Please update to a Selenium version that supports CDP version 131
Nov 18, 2024 9:24:10 PM org.example.utils.DriverSetup webDriverOpen
INFO: Driver invoked :chrome
]]></system-err>
  </testcase>
  <testcase name="Search and view a Any Job position" classname="Job Position Search and Selection" time="15.431">
    <system-out><![CDATA[
@Ui
Scenario: Search and view a Any Job position                              # src/test/java/org/example/features/2Careers.feature:7
21:24:16.659 [main] INFO  Careers_Page - Job Search page: Careers at Labcorp | Embrace Possibilities, Change Lives
  Given I am on the job search page                                       # org.example.stepdefs.CareersStepDef.i_am_on_the_job_search_page()
21:24:20.140 [main] INFO  CareersPage - Job Search with Title: Health Educator - Northeast Region
  When I search for job position                                          # org.example.stepdefs.CareersStepDef.i_search_for_job_position()
21:24:22.860 [main] INFO  CareersPage -  Result list for Job Searched [Health Educator - Northeast Region, Wellness Worker - Nationwide Health Educator, EHS Specialist II, EHS Specialist II, Specialty Development Executive, Genetics & Women's Health - Houston, TX, Apprenticeship - Animal Welfare, Payer Sales Director - REMOTE, Study Technician- Dose Formulation - 3rd Shift, Medical Technologist III - Microbiology, Senior Director Sales - Labcorp Employer Services]
  Then I should see a list of available positions that match the search   # org.example.stepdefs.CareersStepDef.i_should_see_a_list_of_available_positions_that_match_the_search()
21:24:23.994 [main] INFO  CareersPage -  Select the Job from Search Result: Health Educator - Northeast Region
  When I select the position from Search result                           # org.example.stepdefs.CareersStepDef.i_select_the_position_from_search_result()
21:24:24.015 [main] INFO  CareersPage - Job Title Visible on Page: Health Educator - Northeast Region
  And the page should display the job title match with possition serached # org.example.stepdefs.CareersStepDef.the_page_should_display_the_job_title_match_with_possition_serached()
21:24:24.101 [main] INFO  CareersPage -  Location-1: Burlington, North Carolina, United States of America
21:24:24.109 [main] INFO  CareersPage -  Location-2: Boston, Massachusetts, United States of America
21:24:24.114 [main] INFO  CareersPage -  Location-3: Nashua, New Hampshire, United States of America
21:24:24.118 [main] INFO  CareersPage -  Location-4: Greenwich, Connecticut, United States of America
21:24:24.122 [main] INFO  CareersPage -  Location-5: New Haven, Connecticut, United States of America
  And the page should display the job Location                            # org.example.stepdefs.CareersStepDef.the_page_should_display_the_job_Location()
21:24:24.174 [main] INFO  CareersPage - Job Id Visible on Page: Job Id : 2318113
  And the page should display the job Id                                  # org.example.stepdefs.CareersStepDef.the_page_should_display_the_job_Id()
  Then i click on click Apply Now button                                  # org.example.stepdefs.CareersStepDef.i_click_on_click_apply_now_button()
21:24:32.055 [main] INFO  CareersPage - Current Page titel: Careers at Labcorp | Embrace Possibilities, Change Lives
  Then I click to Return link                                             # org.example.stepdefs.CareersStepDef.i_click_to_return_link()
]]></system-out>
  </testcase>
  <testcase name="Validate response from sample API" classname="Request to Sample API Validation" time="1.934">
    <system-out><![CDATA[
@Api
Scenario: Validate response from sample API      # src/test/java/org/example/features/3GetApi.feature:4
  Given the API endpoint for sample-request      # org.example.stepdefs.GetApiStepDef.the_api_endpoint_for_sample_request()
Request method:	GET
Request URI:	https://echo.free.beeceptor.com/sample-request?author=beeceptor
Proxy:			<none>
Request params:	<none>
Query params:	author=beeceptor
Form params:	<none>
Path params:	<none>
Headers:		Accept=*/*
Cookies:		<none>
Multiparts:		<none>
Body:			<none>
HTTP/1.1 200 OK
Access-Control-Allow-Origin: *
Alt-Svc: h3=":443"; ma=2592000
Content-Type: application/json
Date: Mon, 18 Nov 2024 15:54:33 GMT
Vary: Accept-Encoding
Transfer-Encoding: chunked

{
  "method": "GET",
  "protocol": "https",
  "host": "echo.free.beeceptor.com",
  "path": "/sample-request?author=beeceptor",
  "ip": "122.160.23.35:65213",
  "headers": {
    "Host": "echo.free.beeceptor.com",
    "User-Agent": "Apache-HttpClient/4.5.13 (Java/17.0.10)",
    "Accept": "*/*",
    "Accept-Encoding": "gzip,deflate"
  },
  "parsedQueryParams": {
    "author": "beeceptor"
  }
}
  When I send a GET request to the endpoint      # org.example.stepdefs.GetApiStepDef.i_send_a_get_request_to_the_endpoint()
21:24:33.761 [main] INFO  Get Api - Response Code: 200
  Then the response status code should be 200    # org.example.stepdefs.GetApiStepDef.the_response_status_code_should_be(java.lang.Integer)
21:24:33.959 [main] INFO  Get Api - Path: /sample-request?author=beeceptor
  And the response should include the path field # org.example.stepdefs.GetApiStepDef.the_response_should_include_the_path_field()
21:24:33.963 [main] INFO  Get Api - IP: 122.160.23.35:65213
  And the response should include the ip field   # org.example.stepdefs.GetApiStepDef.the_response_should_include_the_ip_field()
21:24:33.994 [main] INFO  Get Api - Expected Header Values : {Accept=*/*, Accept-Encoding=gzip,deflate, Host=echo.free.beeceptor.com, User-Agent=Apache-HttpClient/4.5.13 (Java/17.0.10)}
21:24:33.994 [main] INFO  Get Api - Actual Header Values : {Accept=*/*, Accept-Encoding=gzip,deflate, Host=echo.free.beeceptor.com, User-Agent=Apache-HttpClient/4.5.13 (Java/17.0.10)}
  And the response headers should include        # org.example.stepdefs.GetApiStepDef.the_response_headers_should_include(io.cucumber.datatable.DataTable)
]]></system-out>
  </testcase>
  <testcase name="Validate POST request response for customer, payment, and product data" classname="POST Request to Sample API" time="0.946">
    <system-out><![CDATA[
@Api
Scenario: Validate POST request response for customer, payment, and product data # src/test/java/org/example/features/4PostApi.feature:7
  Given the API default endpoint                                                 # org.example.stepdefs.PostApiStepDef.the_api_default_endpoint()
Request method:	POST
Request URI:	https://echo.free.beeceptor.com/sample-request?author=beeceptor
Proxy:			<none>
Request params:	<none>
Query params:	author=beeceptor
Form params:	<none>
Path params:	<none>
Headers:		Accept=*/*
				Content-Type=application/json
Cookies:		<none>
Multiparts:		<none>
Body:
{
    "order_status": "processing",
    "shipping": {
        "method": "standard",
        "cost": "5.99",
        "estimated_delivery": "2024-11-15"
    },
    "created_at": "2024-11-07T12:00:00Z",
    "payment": {
        "transaction_id": "txn_67890",
        "amount": "111.97",
        "currency": "USD",
        "method": "credit_card"
    },
    "order_id": "12345",
    "items": [
        {
            "name": "Wireless Headphones",
            "quantity": "1",
            "price": "79.99",
            "product_id": "A101"
        },
        {
            "name": "Smartphone Case",
            "quantity": "2",
            "price": "15.99",
            "product_id": "B202"
        }
    ],
    "customer": {
        "name": "Jane Smith",
        "address": "{zipcode=10001, country=USA, city=Metropolis, street=456 Oak Street, state=NY}",
        "phone": "1-987-654-3210",
        "email": "janesmith@example.com"
    }
}
Request method:	POST
Request URI:	https://echo.free.beeceptor.com/sample-request?author=beeceptor
Proxy:			<none>
Request params:	<none>
Query params:	author=beeceptor
Form params:	<none>
Path params:	<none>
Headers:		Accept=*/*
				Content-Type=application/json
Cookies:		<none>
Multiparts:		<none>
Body:
{
    "order_status": "processing",
    "shipping": {
        "method": "standard",
        "cost": "5.99",
        "estimated_delivery": "2024-11-15"
    },
    "created_at": "2024-11-07T12:00:00Z",
    "payment": {
        "transaction_id": "txn_67890",
        "amount": "111.97",
        "currency": "USD",
        "method": "credit_card"
    },
    "order_id": "12345",
    "items": [
        {
            "name": "Wireless Headphones",
            "quantity": "1",
            "price": "79.99",
            "product_id": "A101"
        },
        {
            "name": "Smartphone Case",
            "quantity": "2",
            "price": "15.99",
            "product_id": "B202"
        }
    ],
    "customer": {
        "name": "Jane Smith",
        "address": "{zipcode=10001, country=USA, city=Metropolis, street=456 Oak Street, state=NY}",
        "phone": "1-987-654-3210",
        "email": "janesmith@example.com"
    }
}
21:24:34.846 [main] INFO  Post Api  - Request BODY :
  When I send a POST request to the endpoint with the payload                    # org.example.stepdefs.PostApiStepDef.i_send_a_post_request_to_the_endpoint_with_the_payload()
  Then The response status code should be 200                                    # org.example.stepdefs.PostApiStepDef.the_response_status_code_should_be(java.lang.Integer)
HTTP/1.1 200 OK
Access-Control-Allow-Origin: *
Alt-Svc: h3=":443"; ma=2592000
Content-Encoding: gzip
Content-Type: application/json
Date: Mon, 18 Nov 2024 15:54:34 GMT
Vary: Accept-Encoding
Transfer-Encoding: chunked

{
    "method": "POST",
    "protocol": "https",
    "host": "echo.free.beeceptor.com",
    "path": "/sample-request?author=beeceptor",
    "ip": "122.160.23.35:65224",
    "headers": {
        "Host": "echo.free.beeceptor.com",
        "User-Agent": "Apache-HttpClient/4.5.13 (Java/17.0.10)",
        "Content-Length": "615",
        "Accept": "*/*",
        "Accept-Encoding": "gzip,deflate",
        "Content-Type": "application/json"
    },
    "parsedQueryParams": {
        "author": "beeceptor"
    },
    "parsedBody": {
        "order_status": "processing",
        "shipping": {
            "method": "standard",
            "cost": "5.99",
            "estimated_delivery": "2024-11-15"
        },
        "created_at": "2024-11-07T12:00:00Z",
        "payment": {
            "transaction_id": "txn_67890",
            "amount": "111.97",
            "currency": "USD",
            "method": "credit_card"
        },
        "order_id": "12345",
        "items": [
            {
                "name": "Wireless Headphones",
                "quantity": "1",
                "price": "79.99",
                "product_id": "A101"
            },
            {
                "name": "Smartphone Case",
                "quantity": "2",
                "price": "15.99",
                "product_id": "B202"
            }
        ],
        "customer": {
            "name": "Jane Smith",
            "address": "{zipcode=10001, country=USA, city=Metropolis, street=456 Oak Street, state=NY}",
            "phone": "1-987-654-3210",
            "email": "janesmith@example.com"
        }
    }
}
21:24:34.865 [main] INFO  Post Api  - Order Code : 12345
  And the response should include customer information:                          # org.example.stepdefs.PostApiStepDef.the_response_should_include_customer_information(io.cucumber.datatable.DataTable)
  And the response should include payment details:                               # org.example.stepdefs.PostApiStepDef.the_response_should_include_payment_details(io.cucumber.datatable.DataTable)
  And the response should include product1 information:                          # org.example.stepdefs.PostApiStepDef.the_response_should_include_product1_information(io.cucumber.datatable.DataTable)
  And the response should include product2 information:                          # org.example.stepdefs.PostApiStepDef.the_response_should_include_product2_information(io.cucumber.datatable.DataTable)
]]></system-out>
  </testcase>
</testsuite>